[debug] [2023-05-24T14:27:26.016Z] ----------------------------------------------------------------------
[debug] [2023-05-24T14:27:26.019Z] Command:       C:\Program Files\nodejs\node.exe C:\Users\lasakada\AppData\Roaming\npm\node_modules\firebase-tools\lib\bin\firebase.js init
[debug] [2023-05-24T14:27:26.020Z] CLI Version:   12.2.0
[debug] [2023-05-24T14:27:26.020Z] Platform:      win32
[debug] [2023-05-24T14:27:26.021Z] Node Version:  v18.10.0
[debug] [2023-05-24T14:27:26.022Z] Time:          Wed May 24 2023 16:27:26 GMT+0200 (Central European Summer Time)
[debug] [2023-05-24T14:27:26.022Z] ----------------------------------------------------------------------
[debug] 
[debug] [2023-05-24T14:27:26.025Z] >>> [apiv2][query] GET https://firebase-public.firebaseio.com/cli.json [none]
[debug] [2023-05-24T14:27:26.084Z] > command requires scopes: ["email","openid","https://www.googleapis.com/auth/cloudplatformprojects.readonly","https://www.googleapis.com/auth/firebase","https://www.googleapis.com/auth/cloud-platform"]
[debug] [2023-05-24T14:27:26.084Z] > authorizing via signed-in user (lasak.ad@gmail.com)
[info] 
     ######## #### ########  ######## ########     ###     ######  ########
     ##        ##  ##     ## ##       ##     ##  ##   ##  ##       ##
     ######    ##  ########  ######   ########  #########  ######  ######
     ##        ##  ##    ##  ##       ##     ## ##     ##       ## ##
     ##       #### ##     ## ######## ########  ##     ##  ######  ########

You're about to initialize a Firebase project in this directory:

  C:\Users\lasakada\Desktop\pr033r\arduino\LasakHouse

[debug] [2023-05-24T14:27:26.424Z] <<< [apiv2][status] GET https://firebase-public.firebaseio.com/cli.json 200
[debug] [2023-05-24T14:27:26.425Z] <<< [apiv2][body] GET https://firebase-public.firebaseio.com/cli.json {"cloudBuildErrorAfter":1594252800000,"cloudBuildWarnAfter":1590019200000,"defaultNode10After":1594252800000,"minVersion":"3.0.5","node8DeploysDisabledAfter":1613390400000,"node8RuntimeDisabledAfter":1615809600000,"node8WarnAfter":1600128000000}
